<?xml version="1.0" encoding="UTF-8"?>
<testsuite name="TestCompressor" tests="1" skipped="0" failures="0" errors="0" timestamp="2024-02-04T05:55:28" hostname="DESKTOP-L86H96T" time="2.067">
  <properties/>
  <testcase name="test1()" classname="TestCompressor" time="2.067"/>
  <system-out><![CDATA[]]></system-out>
  <system-err><![CDATA[]]></system-err>
</testsuite>
