<?xml version="1.0" encoding="UTF-8"?>
<testsuite name="bitoperator.TestBitsReader" tests="1" skipped="0" failures="0" errors="0" timestamp="2024-02-04T05:55:30" hostname="DESKTOP-L86H96T" time="0.0">
  <properties/>
  <testcase name="test1()" classname="bitoperator.TestBitsReader" time="0.0"/>
  <system-out><![CDATA[]]></system-out>
  <system-err><![CDATA[]]></system-err>
</testsuite>
