<?xml version="1.0" encoding="UTF-8"?>
<testsuite name="module.TestDecoder" tests="2" skipped="0" failures="0" errors="0" timestamp="2024-02-04T05:55:30" hostname="DESKTOP-L86H96T" time="0.0">
  <properties/>
  <testcase name="testReadBit1()" classname="module.TestDecoder" time="0.0"/>
  <testcase name="testReadBit2()" classname="module.TestDecoder" time="0.0"/>
  <system-out><![CDATA[]]></system-out>
  <system-err><![CDATA[]]></system-err>
</testsuite>
